<?xml version="1.0" encoding="UTF-8"?>
<!-- Generated by org.testng.reporters.JUnitReportReporter -->
<testsuite hostname="SPS528-Q6N1" name="com.swift.api.GetCvvAPI" tests="1" failures="1" timestamp="15 Nov 2018 19:51:56 GMT" time="1.404" errors="0">
  <testcase name="getCvvAPI" time="1.404" classname="com.swift.api.GetCvvAPI">
    <failure type="com.consol.citrus.exceptions.TestCaseFailedException" message="Unknown variable &#039;newToken&#039;">
      <![CDATA[com.consol.citrus.exceptions.TestCaseFailedException: Unknown variable 'newToken'
	at com.consol.citrus.dsl.testng.TestNGCitrusTest.invokeTestMethod(TestNGCitrusTest.java:142)
	at com.consol.citrus.dsl.testng.TestNGCitrusTest.run(TestNGCitrusTest.java:110)
	at com.consol.citrus.dsl.testng.TestNGCitrusTest.run(TestNGCitrusTest.java:56)
	at sun.reflect.NativeMethodAccessorImpl.invoke0(Native Method)
	at sun.reflect.NativeMethodAccessorImpl.invoke(NativeMethodAccessorImpl.java:62)
	at sun.reflect.DelegatingMethodAccessorImpl.invoke(DelegatingMethodAccessorImpl.java:43)
	at java.lang.reflect.Method.invoke(Method.java:498)
	at org.testng.internal.MethodInvocationHelper.invokeHookable(MethodInvocationHelper.java:212)
	at org.testng.internal.Invoker.invokeMethod(Invoker.java:707)
	at org.testng.internal.Invoker.invokeTestMethod(Invoker.java:901)
	at org.testng.internal.Invoker.invokeTestMethods(Invoker.java:1231)
	at org.testng.internal.TestMethodWorker.invokeTestMethods(TestMethodWorker.java:127)
	at org.testng.internal.TestMethodWorker.run(TestMethodWorker.java:111)
	at org.testng.TestRunner.privateRun(TestRunner.java:767)
	at org.testng.TestRunner.run(TestRunner.java:617)
	at org.testng.SuiteRunner.runTest(SuiteRunner.java:334)
	at org.testng.SuiteRunner.runSequentially(SuiteRunner.java:329)
	at org.testng.SuiteRunner.privateRun(SuiteRunner.java:291)
	at org.testng.SuiteRunner.run(SuiteRunner.java:240)
	at org.testng.SuiteRunnerWorker.runSuite(SuiteRunnerWorker.java:52)
	at org.testng.SuiteRunnerWorker.run(SuiteRunnerWorker.java:86)
	at org.testng.TestNG.runSuitesSequentially(TestNG.java:1224)
	at org.testng.TestNG.runSuitesLocally(TestNG.java:1149)
	at org.testng.TestNG.run(TestNG.java:1057)
	at org.testng.remote.AbstractRemoteTestNG.run(AbstractRemoteTestNG.java:114)
	at org.testng.remote.RemoteTestNG.initAndRun(RemoteTestNG.java:251)
	at org.testng.remote.RemoteTestNG.main(RemoteTestNG.java:77)
Caused by: com.consol.citrus.exceptions.CitrusRuntimeException: Unknown variable 'newToken'
	at com.consol.citrus.context.TestContext.getVariableObject(TestContext.java:158)
	at com.consol.citrus.context.TestContext.getVariable(TestContext.java:133)
	at com.consol.citrus.context.TestContext.getVariable(TestContext.java:122)
	at com.consol.citrus.variable.VariableUtils.replaceVariablesInString(VariableUtils.java:175)
	at com.consol.citrus.context.TestContext.replaceDynamicContentInString(TestContext.java:346)
	at com.consol.citrus.context.TestContext.replaceDynamicContentInString(TestContext.java:331)
	at com.consol.citrus.dsl.runner.DefaultTestRunner.variable(DefaultTestRunner.java:169)
	at com.consol.citrus.dsl.testng.TestNGCitrusTestRunner.variable(TestNGCitrusTestRunner.java:124)
	at com.swift.api.GetCvvAPI.getCvvAPI(GetCvvAPI.java:41)
	at sun.reflect.NativeMethodAccessorImpl.invoke0(Native Method)
	at sun.reflect.NativeMethodAccessorImpl.invoke(NativeMethodAccessorImpl.java:62)
	at sun.reflect.DelegatingMethodAccessorImpl.invoke(DelegatingMethodAccessorImpl.java:43)
	at java.lang.reflect.Method.invoke(Method.java:498)
	at org.springframework.util.ReflectionUtils.invokeMethod(ReflectionUtils.java:216)
	at com.consol.citrus.dsl.testng.TestNGCitrusTest.invokeTestMethod(TestNGCitrusTest.java:139)
	... 26 more
]]>
    </failure>
  </testcase> <!-- getCvvAPI -->
</testsuite> <!-- com.swift.api.GetCvvAPI -->
